#
# There is insufficient memory for the Java Runtime Environment to continue.
# Native memory allocation (mmap) failed to map 264241152 bytes for G1 virtual space
# Possible reasons:
#   The system is out of physical RAM or swap space
#   The process is running with CompressedOops enabled, and the Java Heap may be blocking the growth of the native heap
# Possible solutions:
#   Reduce memory load on the system
#   Increase physical memory or swap space
#   Check if swap backing store is full
#   Decrease Java heap size (-Xmx/-Xms)
#   Decrease number of Java threads
#   Decrease Java thread stack sizes (-Xss)
#   Set larger code cache with -XX:ReservedCodeCacheSize=
#   JVM is running with Zero Based Compressed Oops mode in which the Java heap is
#     placed in the first 32GB address space. The Java Heap base address is the
#     maximum limit for the native heap growth. Please use -XX:HeapBaseMinAddress
#     to set the Java Heap base and to place the Java Heap above 32GB virtual address.
# This output file may be truncated or incomplete.
#
#  Out of Memory Error (os_windows.cpp:3535), pid=15500, tid=19704
#
# JRE version:  (17.0.4+11) (build )
# Java VM: Java HotSpot(TM) 64-Bit Server VM (17.0.4+11-LTS-179, mixed mode, sharing, tiered, compressed oops, compressed class ptrs, g1 gc, windows-amd64)
# No core dump will be written. Minidumps are not enabled by default on client versions of Windows
#

---------------  S U M M A R Y ------------

Command Line: -Dnet.bytebuddy.agent.attacher.dump= net.bytebuddy.agent.Attacher com.sun.tools.attach.VirtualMachine 20132 C:\Users\HP\.m2\repository\net\bytebuddy\byte-buddy-agent\1.14.11\byte-buddy-agent-1.14.11.jar false 

Host: 11th Gen Intel(R) Core(TM) i7-1165G7 @ 2.80GHz, 8 cores, 15G,  Windows 11 , 64 bit Build 22621 (10.0.22621.3235)
Time: Wed Apr 24 16:02:43 2024 Temps universel coordonné elapsed time: 0.020749 seconds (0d 0h 0m 0s)

---------------  T H R E A D  ---------------

Current thread (0x0000014577c02040):  JavaThread "Unknown thread" [_thread_in_vm, id=19704, stack(0x0000001213300000,0x0000001213400000)]

Stack: [0x0000001213300000,0x0000001213400000]
Native frames: (J=compiled Java code, j=interpreted, Vv=VM code, C=native code)
V  [jvm.dll+0x6723da]
V  [jvm.dll+0x7d1f74]
V  [jvm.dll+0x7d371e]
V  [jvm.dll+0x7d3d83]
V  [jvm.dll+0x242ed5]
V  [jvm.dll+0x66f2f9]
V  [jvm.dll+0x663c42]
V  [jvm.dll+0x30103b]
V  [jvm.dll+0x3085d6]
V  [jvm.dll+0x35844e]
V  [jvm.dll+0x35867f]
V  [jvm.dll+0x2d8258]
V  [jvm.dll+0x2d91c4]
V  [jvm.dll+0x7a3a51]
V  [jvm.dll+0x3662a1]
V  [jvm.dll+0x782dcc]
V  [jvm.dll+0x3e8bff]
V  [jvm.dll+0x3ea6a1]
C  [jli.dll+0x527b]
C  [ucrtbase.dll+0x29363]
C  [KERNEL32.DLL+0x1257d]
C  [ntdll.dll+0x5aa58]


---------------  P R O C E S S  ---------------

Threads class SMR info:
_java_thread_list=0x00007ffb828ba858, length=0, elements={
}

Java Threads: ( => current thread )

Other Threads:
  0x0000014577c6cf80 GCTaskThread "GC Thread#0" [stack: 0x0000001213400000,0x0000001213500000] [id=20656]
  0x0000014577c7f890 ConcurrentGCThread "G1 Main Marker" [stack: 0x0000001213500000,0x0000001213600000] [id=23632]
  0x0000014577c80140 ConcurrentGCThread "G1 Conc#0" [stack: 0x0000001213600000,0x0000001213700000] [id=5708]

[error occurred during error reporting (printing all threads), id 0xc0000005, EXCEPTION_ACCESS_VIOLATION (0xc0000005) at pc=0x00007ffb82108c47]

VM state: not at safepoint (not fully initialized)

VM Mutex/Monitor currently owned by a thread:  ([mutex/lock_event])
[0x0000014577bfd0e0] Heap_lock - owner thread: 0x0000014577c02040

Heap address: 0x0000000704e00000, size: 4018 MB, Compressed Oops mode: Zero based, Oop shift amount: 3

CDS archive(s) mapped at: [0x0000000000000000-0x0000000000000000-0x0000000000000000), size 0, SharedBaseAddress: 0x0000000800000000, ArchiveRelocationMode: 0.
Narrow klass base: 0x0000000000000000, Narrow klass shift: 0, Narrow klass range: 0x0

GC Precious Log:
<Empty>

Heap:
 garbage-first heap   total 0K, used 0K [0x0000000704e00000, 0x0000000800000000)
  region size 2048K, 0 young (0K), 0 survivors (0K)

[error occurred during error reporting (printing heap information), id 0xc0000005, EXCEPTION_ACCESS_VIOLATION (0xc0000005) at pc=0x00007ffb824eb889]

GC Heap History (0 events):
No events

Deoptimization events (0 events):
No events

Classes unloaded (0 events):
No events

Classes redefined (0 events):
No events

Internal exceptions (0 events):
No events

VM Operations (0 events):
No events

Events (1 events):
Event: 0.008 Loaded shared library C:\Program Files\Java\jdk-17.0.4\bin\java.dll


Dynamic libraries:
0x00007ff79fe80000 - 0x00007ff79fe90000 	C:\Program Files\Java\jdk-17.0.4\bin\java.exe
0x00007ffc0b790000 - 0x00007ffc0b9a6000 	C:\WINDOWS\SYSTEM32\ntdll.dll
0x00007ffc0a2b0000 - 0x00007ffc0a374000 	C:\WINDOWS\System32\KERNEL32.DLL
0x00007ffc09040000 - 0x00007ffc093e6000 	C:\WINDOWS\System32\KERNELBASE.dll
0x00007ffbe8320000 - 0x00007ffbe833a000 	C:\Program Files\Java\jdk-17.0.4\bin\VCRUNTIME140.dll
0x00007ffbeec70000 - 0x00007ffbeec88000 	C:\Program Files\Java\jdk-17.0.4\bin\jli.dll
0x00007ffc08d80000 - 0x00007ffc08e91000 	C:\WINDOWS\System32\ucrtbase.dll
0x00007ffc0b220000 - 0x00007ffc0b2d2000 	C:\WINDOWS\System32\ADVAPI32.dll
0x00007ffc0af60000 - 0x00007ffc0b007000 	C:\WINDOWS\System32\msvcrt.dll
0x00007ffc09d90000 - 0x00007ffc09e38000 	C:\WINDOWS\System32\sechost.dll
0x00007ffc08ea0000 - 0x00007ffc08ec8000 	C:\WINDOWS\System32\bcrypt.dll
0x00007ffc094b0000 - 0x00007ffc095c5000 	C:\WINDOWS\System32\RPCRT4.dll
0x00007ffc0b570000 - 0x00007ffc0b71d000 	C:\WINDOWS\System32\USER32.dll
0x00007ffc08c30000 - 0x00007ffc08c56000 	C:\WINDOWS\System32\win32u.dll
0x00007ffc09c20000 - 0x00007ffc09c49000 	C:\WINDOWS\System32\GDI32.dll
0x00007ffbe4030000 - 0x00007ffbe42c3000 	C:\WINDOWS\WinSxS\amd64_microsoft.windows.common-controls_6595b64144ccf1df_6.0.22621.3235_none_270f74e173860f98\COMCTL32.dll
0x00007ffc08c60000 - 0x00007ffc08d78000 	C:\WINDOWS\System32\gdi32full.dll
0x00007ffc08b90000 - 0x00007ffc08c2a000 	C:\WINDOWS\System32\msvcp_win.dll
0x00007ffbff060000 - 0x00007ffbff06a000 	C:\WINDOWS\SYSTEM32\VERSION.dll
0x00007ffc0b170000 - 0x00007ffc0b1a1000 	C:\WINDOWS\System32\IMM32.DLL
0x00007ffbeec40000 - 0x00007ffbeec4c000 	C:\Program Files\Java\jdk-17.0.4\bin\vcruntime140_1.dll
0x00007ffbdab70000 - 0x00007ffbdabfd000 	C:\Program Files\Java\jdk-17.0.4\bin\msvcp140.dll
0x00007ffb81e20000 - 0x00007ffb829e2000 	C:\Program Files\Java\jdk-17.0.4\bin\server\jvm.dll
0x00007ffc09790000 - 0x00007ffc09798000 	C:\WINDOWS\System32\PSAPI.DLL
0x00007ffbdf6b0000 - 0x00007ffbdf6b9000 	C:\WINDOWS\SYSTEM32\WSOCK32.dll
0x00007ffc09d00000 - 0x00007ffc09d71000 	C:\WINDOWS\System32\WS2_32.dll
0x00007ffbfccd0000 - 0x00007ffbfcd04000 	C:\WINDOWS\SYSTEM32\WINMM.dll
0x00007ffc07ae0000 - 0x00007ffc07af8000 	C:\WINDOWS\SYSTEM32\kernel.appcore.dll
0x00007ffbe31d0000 - 0x00007ffbe31da000 	C:\Program Files\Java\jdk-17.0.4\bin\jimage.dll
0x00007ffc06170000 - 0x00007ffc063a3000 	C:\WINDOWS\SYSTEM32\DBGHELP.DLL
0x00007ffc09e40000 - 0x00007ffc0a1c8000 	C:\WINDOWS\System32\combase.dll
0x00007ffc0a520000 - 0x00007ffc0a5f7000 	C:\WINDOWS\System32\OLEAUT32.dll
0x00007ffbedac0000 - 0x00007ffbedaf2000 	C:\WINDOWS\SYSTEM32\dbgcore.DLL
0x00007ffc08aa0000 - 0x00007ffc08b1a000 	C:\WINDOWS\System32\bcryptPrimitives.dll
0x00007ffbdac20000 - 0x00007ffbdac45000 	C:\Program Files\Java\jdk-17.0.4\bin\java.dll

dbghelp: loaded successfully - version: 4.0.5 - missing functions: none
symbol engine: initialized successfully - sym options: 0x614 - pdb path: .;C:\Program Files\Java\jdk-17.0.4\bin;C:\WINDOWS\SYSTEM32;C:\WINDOWS\WinSxS\amd64_microsoft.windows.common-controls_6595b64144ccf1df_6.0.22621.3235_none_270f74e173860f98;C:\Program Files\Java\jdk-17.0.4\bin\server

VM Arguments:
jvm_args: -Dnet.bytebuddy.agent.attacher.dump= 
java_command: net.bytebuddy.agent.Attacher com.sun.tools.attach.VirtualMachine 20132 C:\Users\HP\.m2\repository\net\bytebuddy\byte-buddy-agent\1.14.11\byte-buddy-agent-1.14.11.jar false 
java_class_path (initial): C:\Users\HP\.m2\repository\net\bytebuddy\byte-buddy-agent\1.14.11\byte-buddy-agent-1.14.11.jar
Launcher Type: SUN_STANDARD

[Global flags]
     intx CICompilerCount                          = 4                                         {product} {ergonomic}
     uint ConcGCThreads                            = 2                                         {product} {ergonomic}
     uint G1ConcRefinementThreads                  = 8                                         {product} {ergonomic}
   size_t G1HeapRegionSize                         = 2097152                                   {product} {ergonomic}
    uintx GCDrainStackTargetSize                   = 64                                        {product} {ergonomic}
   size_t InitialHeapSize                          = 264241152                                 {product} {ergonomic}
   size_t MarkStackSize                            = 4194304                                   {product} {ergonomic}
   size_t MaxHeapSize                              = 4213178368                                {product} {ergonomic}
   size_t MinHeapDeltaBytes                        = 2097152                                   {product} {ergonomic}
   size_t MinHeapSize                              = 8388608                                   {product} {ergonomic}
    uintx NonNMethodCodeHeapSize                   = 5839372                                {pd product} {ergonomic}
    uintx NonProfiledCodeHeapSize                  = 122909434                              {pd product} {ergonomic}
    uintx ProfiledCodeHeapSize                     = 122909434                              {pd product} {ergonomic}
    uintx ReservedCodeCacheSize                    = 251658240                              {pd product} {ergonomic}
     bool SegmentedCodeCache                       = true                                      {product} {ergonomic}
   size_t SoftMaxHeapSize                          = 4213178368                             {manageable} {ergonomic}
     bool UseCompressedClassPointers               = true                           {product lp64_product} {ergonomic}
     bool UseCompressedOops                        = true                           {product lp64_product} {ergonomic}
     bool UseG1GC                                  = true                                      {product} {ergonomic}
     bool UseLargePagesIndividualAllocation        = false                                  {pd product} {ergonomic}

Logging:
Log output configuration:
 #0: stdout all=warning uptime,level,tags
 #1: stderr all=off uptime,level,tags

Environment Variables:
JAVA_HOME=C:\Program Files\Java\jdk-17.0.4
PATH=C:\Python312\Scripts\;C:\Python312\;C:\Program Files\Common Files\Oracle\Java\javapath;C:\Program Files (x86)\Common Files\Oracle\Java\javapath;C:\Python310\Scripts\;C:\Python310\;C:\ProgramData\Oracle\Java\javapath;C:\WINDOWS\system32;C:\WINDOWS;C:\WINDOWS\System32\Wbem;C:\WINDOWS\System32\WindowsPowerShell\v1.0\;C:\WINDOWS\System32\OpenSSH\;C:\Program Files\Java\jre7\bin;C:\Program Files\Java\jdk1.8.0_66;C:\ProgramData\chocolatey\bin;C:\Program Files (x86)\dotnet\;C:\Program Files\glassfish-4.1\bin;C:\Program Files\Git\cmd;C:\Program Files\apache-maven-3.9.5\bin;C:\Program Files\nodejs\;C:\Users\HP\AppData\Local\Microsoft\WindowsApps;C:\Users\HP\AppData\Local\Programs\Microsoft VS Code\bin;C:\Users\HP\AppData\Roaming\npm;C:\Users\HP\AppData\Local\Google\Cloud SDK\google-cloud-sdk\bin
USERNAME=HP
OS=Windows_NT
PROCESSOR_IDENTIFIER=Intel64 Family 6 Model 140 Stepping 1, GenuineIntel



---------------  S Y S T E M  ---------------

OS:
 Windows 11 , 64 bit Build 22621 (10.0.22621.3235)
OS uptime: 1 days 3:11 hours

CPU: total 8 (initial active 8) (4 cores per cpu, 2 threads per core) family 6 model 140 stepping 1 microcode 0xb6, cx8, cmov, fxsr, ht, mmx, 3dnowpref, sse, sse2, sse3, ssse3, sse4.1, sse4.2, popcnt, lzcnt, tsc, tscinvbit, avx, avx2, aes, erms, clmul, bmi1, bmi2, adx, avx512f, avx512dq, avx512cd, avx512bw, avx512vl, sha, fma, vzeroupper, avx512_vpopcntdq, avx512_vpclmulqdq, avx512_vaes, avx512_vnni, clflush, clflushopt, clwb, avx512_vbmi2, avx512_vbmi

Memory: 4k page, system-wide physical 16064M (2286M free)
TotalPageFile size 21222M (AvailPageFile size 140M)
current process WorkingSet (physical memory assigned to process): 11M, peak: 11M
current process commit charge ("private bytes"): 60M, peak: 312M

vm_info: Java HotSpot(TM) 64-Bit Server VM (17.0.4+11-LTS-179) for windows-amd64 JRE (17.0.4+11-LTS-179), built on Jun 28 2022 08:23:05 by "mach5one" with MS VC++ 16.8 / 16.9 (VS2019)

END.
